app/build/outputs/logs/manifest-merger-debug-report.txt
-- Merging decision tree log ---
manifest
ADDED from src/main/AndroidManifest.xml:2:1-27:12
INJECTED from src/main/AndroidManifest.xml:2:1-27:12
INJECTED from src/main/AndroidManifest.xml:2:1-27:12
INJECTED from src/main/AndroidManifest.xml:2:1-27:12
MERGED from [com.google.dagger:dagger-android-support:2.17] AndroidManifest.xml:17:1-22:12
MERGED from [org.jetbrains.anko:anko:0.10.8] AndroidManifest.xml:2:1-13:12
MERGED from [org.jetbrains.anko:anko-appcompat-v7:0.10.8] AndroidManifest.xml:2:1-13:12
MERGED from [org.jetbrains.anko:anko-appcompat-v7-coroutines:0.10.8] AndroidManifest.xml:2:1-13:12
MERGED from [org.jetbrains.anko:anko-appcompat-v7-commons:0.10.8] AndroidManifest.xml:2:1-13:12
MERGED from [org.jetbrains.anko:appcompatV7-base:0.10.8] AndroidManifest.xml:2:1-11:12
MERGED from [com.google.android.material:material:1.1.0-alpha02] AndroidManifest.xml:17:1-24:12
MERGED from [androidx.appcompat:appcompat:1.1.0] AndroidManifest.xml:17:1-24:12
MERGED from [androidx.core:core-ktx:1.2.0-alpha01] AndroidManifest.xml:2:1-7:12
MERGED from [androidx.constraintlayout:constraintlayout:1.1.3] AndroidManifest.xml:2:1-11:12
MERGED from [androidx.room:room-rxjava2:2.1.0-alpha03] AndroidManifest.xml:17:1-22:12
MERGED from [com.jakewharton.rxbinding3:rxbinding:3.0.0-alpha2] AndroidManifest.xml:2:1-7:12
MERGED from [com.github.barteksc:android-pdf-viewer:2.8.2] AndroidManifest.xml:2:1-11:12
MERGED from [nz.bradcampbell:paperparcel:2.0.6] AndroidManifest.xml:2:1-8:12
MERGED from [nz.bradcampbell:paperparcel-kotlin:2.0.6] AndroidManifest.xml:2:1-8:12
MERGED from [com.jakewharton.timber:timber:4.7.1] AndroidManifest.xml:2:1-9:12
MERGED from [com.google.dagger:dagger-android:2.17] AndroidManifest.xml:17:1-22:12
MERGED from [org.jetbrains.anko:anko-sqlite:0.10.8] AndroidManifest.xml:2:1-13:12
MERGED from [org.jetbrains.anko:anko-sdk27:0.10.8] AndroidManifest.xml:2:1-13:12
MERGED from [org.jetbrains.anko:anko-sdk27-coroutines:0.10.8] AndroidManifest.xml:2:1-13:12
MERGED from [org.jetbrains.anko:anko-support-v4:0.10.8] AndroidManifest.xml:2:1-13:12
MERGED from [org.jetbrains.anko:anko-support-v4-commons:0.10.8] AndroidManifest.xml:2:1-13:12
MERGED from [org.jetbrains.anko:anko-commons:0.10.8] AndroidManifest.xml:2:1-13:12
MERGED from [org.jetbrains.anko:anko-coroutines:0.10.8] AndroidManifest.xml:2:1-13:12
MERGED from [org.jetbrains.anko:sqlite-base:0.10.8] AndroidManifest.xml:2:1-11:12
MERGED from [org.jetbrains.anko:platform-base:0.10.8] AndroidManifest.xml:2:1-11:12
MERGED from [org.jetbrains.anko:supportV4-base:0.10.8] AndroidManifest.xml:2:1-11:12
MERGED from [org.jetbrains.anko:commons-base:0.10.8] AndroidManifest.xml:2:1-11:12
MERGED from [androidx.recyclerview:recyclerview:1.0.0] AndroidManifest.xml:17:1-22:12
MERGED from [com.github.barteksc:pdfium-android:1.7.1] AndroidManifest.xml:2:1-11:12
MERGED from [androidx.legacy:legacy-support-v4:1.0.0] AndroidManifest.xml:17:1-22:12
MERGED from [androidx.legacy:legacy-support-core-ui:1.0.0] AndroidManifest.xml:17:1-22:12
MERGED from [androidx.cursoradapter:cursoradapter:1.0.0] AndroidManifest.xml:17:1-22:12
MERGED from [androidx.fragment:fragment:1.1.0] AndroidManifest.xml:17:1-24:12
MERGED from [androidx.appcompat:appcompat-resources:1.1.0] AndroidManifest.xml:17:1-24:12
MERGED from [androidx.drawerlayout:drawerlayout:1.0.0] AndroidManifest.xml:17:1-22:12
MERGED from [androidx.legacy:legacy-support-core-utils:1.0.0] AndroidManifest.xml:17:1-22:12
MERGED from [androidx.transition:transition:1.0.0] AndroidManifest.xml:17:1-22:12
MERGED from [androidx.room:room-runtime:2.1.0-alpha03] AndroidManifest.xml:17:1-28:12
MERGED from [androidx.viewpager:viewpager:1.0.0] AndroidManifest.xml:17:1-22:12
MERGED from [androidx.loader:loader:1.0.0] AndroidManifest.xml:17:1-22:12
MERGED from [androidx.activity:activity:1.0.0] AndroidManifest.xml:17:1-24:12
MERGED from [androidx.vectordrawable:vectordrawable-animated:1.1.0] AndroidManifest.xml:17:1-24:12
MERGED from [androidx.vectordrawable:vectordrawable:1.1.0] AndroidManifest.xml:17:1-24:12
MERGED from [androidx.coordinatorlayout:coordinatorlayout:1.0.0] AndroidManifest.xml:17:1-22:12
MERGED from [androidx.slidingpanelayout:slidingpanelayout:1.0.0] AndroidManifest.xml:17:1-22:12
MERGED from [androidx.customview:customview:1.0.0] AndroidManifest.xml:17:1-22:12
MERGED from [androidx.swiperefreshlayout:swiperefreshlayout:1.0.0] AndroidManifest.xml:17:1-22:12
MERGED from [androidx.asynclayoutinflater:asynclayoutinflater:1.0.0] AndroidManifest.xml:17:1-22:12
MERGED from [androidx.media:media:1.0.0] AndroidManifest.xml:17:1-22:12
MERGED from [androidx.core:core:1.2.0-alpha01] AndroidManifest.xml:17:1-24:12
MERGED from [androidx.cardview:cardview:1.0.0] AndroidManifest.xml:17:1-22:12
MERGED from [androidx.lifecycle:lifecycle-livedata:2.0.0] AndroidManifest.xml:17:1-22:12
MERGED from [androidx.lifecycle:lifecycle-livedata-core:2.0.0] AndroidManifest.xml:17:1-22:12
MERGED from [androidx.arch.core:core-runtime:2.0.0] AndroidManifest.xml:17:1-22:12
MERGED from [androidx.versionedparcelable:versionedparcelable:1.1.0-beta01] AndroidManifest.xml:17:1-25:12
MERGED from [androidx.interpolator:interpolator:1.0.0] AndroidManifest.xml:17:1-22:12
MERGED from [androidx.documentfile:documentfile:1.0.0] AndroidManifest.xml:17:1-22:12
MERGED from [androidx.localbroadcastmanager:localbroadcastmanager:1.0.0] AndroidManifest.xml:17:1-22:12
MERGED from [androidx.print:print:1.0.0] AndroidManifest.xml:17:1-22:12
MERGED from [androidx.sqlite:sqlite-framework:2.0.0] AndroidManifest.xml:17:1-22:12
MERGED from [androidx.sqlite:sqlite:2.0.0] AndroidManifest.xml:17:1-22:12
MERGED from [androidx.lifecycle:lifecycle-runtime:2.1.0] AndroidManifest.xml:17:1-22:12
MERGED from [androidx.lifecycle:lifecycle-viewmodel:2.1.0] AndroidManifest.xml:17:1-22:12
MERGED from [androidx.savedstate:savedstate:1.0.0] AndroidManifest.xml:17:1-24:12
MERGED from [io.reactivex.rxjava2:rxandroid:2.1.0] AndroidManifest.xml:15:1-20:12
INJECTED from src/main/AndroidManifest.xml:2:1-27:12
INJECTED from src/main/AndroidManifest.xml:2:1-27:12
INJECTED from src/main/AndroidManifest.xml:2:1-27:12
	package
		ADDED from src/main/AndroidManifest.xml:3:11-52
		INJECTED from src/main/AndroidManifest.xml
		INJECTED from src/main/AndroidManifest.xml
	android:versionName
		INJECTED from src/main/AndroidManifest.xml
		ADDED from src/main/AndroidManifest.xml:2:1-27:12
		INJECTED from src/main/AndroidManifest.xml
	android:versionCode
		INJECTED from src/main/AndroidManifest.xml
		ADDED from src/main/AndroidManifest.xml:2:1-27:12
		INJECTED from src/main/AndroidManifest.xml
	xmlns:android
		ADDED from src/main/AndroidManifest.xml:2:11-69
uses-permission#android.permission.INTERNET
ADDED from src/main/AndroidManifest.xml:5:5-67
	android:name
		ADDED from src/main/AndroidManifest.xml:5:22-64
application
ADDED from src/main/AndroidManifest.xml:7:5-25:19
MERGED from [org.jetbrains.anko:anko:0.10.8] AndroidManifest.xml:11:5-20
MERGED from [org.jetbrains.anko:anko:0.10.8] AndroidManifest.xml:11:5-20
MERGED from [org.jetbrains.anko:anko-appcompat-v7:0.10.8] AndroidManifest.xml:11:5-20
MERGED from [org.jetbrains.anko:anko-appcompat-v7:0.10.8] AndroidManifest.xml:11:5-20
MERGED from [org.jetbrains.anko:anko-appcompat-v7-coroutines:0.10.8] AndroidManifest.xml:11:5-20
MERGED from [org.jetbrains.anko:anko-appcompat-v7-coroutines:0.10.8] AndroidManifest.xml:11:5-20
MERGED from [org.jetbrains.anko:anko-appcompat-v7-commons:0.10.8] AndroidManifest.xml:11:5-20
MERGED from [org.jetbrains.anko:anko-appcompat-v7-commons:0.10.8] AndroidManifest.xml:11:5-20
MERGED from [com.google.android.material:material:1.1.0-alpha02] AndroidManifest.xml:22:5-20
MERGED from [com.google.android.material:material:1.1.0-alpha02] AndroidManifest.xml:22:5-20
MERGED from [androidx.constraintlayout:constraintlayout:1.1.3] AndroidManifest.xml:9:5-20
MERGED from [androidx.constraintlayout:constraintlayout:1.1.3] AndroidManifest.xml:9:5-20
MERGED from [com.jakewharton.timber:timber:4.7.1] AndroidManifest.xml:7:5-20
MERGED from [com.jakewharton.timber:timber:4.7.1] AndroidManifest.xml:7:5-20
MERGED from [org.jetbrains.anko:anko-sqlite:0.10.8] AndroidManifest.xml:11:5-20
MERGED from [org.jetbrains.anko:anko-sqlite:0.10.8] AndroidManifest.xml:11:5-20
MERGED from [org.jetbrains.anko:anko-sdk27:0.10.8] AndroidManifest.xml:11:5-20
MERGED from [org.jetbrains.anko:anko-sdk27:0.10.8] AndroidManifest.xml:11:5-20
MERGED from [org.jetbrains.anko:anko-sdk27-coroutines:0.10.8] AndroidManifest.xml:11:5-20
MERGED from [org.jetbrains.anko:anko-sdk27-coroutines:0.10.8] AndroidManifest.xml:11:5-20
MERGED from [org.jetbrains.anko:anko-support-v4:0.10.8] AndroidManifest.xml:11:5-20
MERGED from [org.jetbrains.anko:anko-support-v4:0.10.8] AndroidManifest.xml:11:5-20
MERGED from [org.jetbrains.anko:anko-support-v4-commons:0.10.8] AndroidManifest.xml:11:5-20
MERGED from [org.jetbrains.anko:anko-support-v4-commons:0.10.8] AndroidManifest.xml:11:5-20
MERGED from [org.jetbrains.anko:anko-commons:0.10.8] AndroidManifest.xml:11:5-20
MERGED from [org.jetbrains.anko:anko-commons:0.10.8] AndroidManifest.xml:11:5-20
MERGED from [org.jetbrains.anko:anko-coroutines:0.10.8] AndroidManifest.xml:11:5-20
MERGED from [org.jetbrains.anko:anko-coroutines:0.10.8] AndroidManifest.xml:11:5-20
MERGED from [androidx.room:room-runtime:2.1.0-alpha03] AndroidManifest.xml:22:5-26:19
MERGED from [androidx.room:room-runtime:2.1.0-alpha03] AndroidManifest.xml:22:5-26:19
MERGED from [androidx.core:core:1.2.0-alpha01] AndroidManifest.xml:22:5-89
MERGED from [androidx.core:core:1.2.0-alpha01] AndroidManifest.xml:22:5-89
MERGED from [androidx.versionedparcelable:versionedparcelable:1.1.0-beta01] AndroidManifest.xml:22:5-23:19
MERGED from [androidx.versionedparcelable:versionedparcelable:1.1.0-beta01] AndroidManifest.xml:22:5-23:19
	android:appComponentFactory
		ADDED from [androidx.core:core:1.2.0-alpha01] AndroidManifest.xml:22:18-86
	android:supportsRtl
		ADDED from src/main/AndroidManifest.xml:14:13-39
	android:label
		ADDED from src/main/AndroidManifest.xml:12:13-45
	android:roundIcon
		ADDED from src/main/AndroidManifest.xml:13:13-58
	android:icon
		ADDED from src/main/AndroidManifest.xml:10:13-52
	android:allowBackup
		ADDED from src/main/AndroidManifest.xml:9:13-39
	android:theme
		ADDED from src/main/AndroidManifest.xml:15:13-44
	android:networkSecurityConfig
		ADDED from src/main/AndroidManifest.xml:11:13-73
	android:name
		ADDED from src/main/AndroidManifest.xml:8:13-67
activity#mbitsystem.com.currenciesviewer.main.MainActivity
ADDED from src/main/AndroidManifest.xml:17:9-23:20
	android:name
		ADDED from src/main/AndroidManifest.xml:17:19-83
intent-filter#action:name:android.intent.action.MAIN+category:name:android.intent.category.LAUNCHER
ADDED from src/main/AndroidManifest.xml:18:13-22:29
action#android.intent.action.MAIN
ADDED from src/main/AndroidManifest.xml:19:17-68
	android:name
		ADDED from src/main/AndroidManifest.xml:19:25-66
category#android.intent.category.LAUNCHER
ADDED from src/main/AndroidManifest.xml:21:17-76
	android:name
		ADDED from src/main/AndroidManifest.xml:21:27-74
activity#mbitsystem.com.currenciesviewer.base.BaseActivity
ADDED from src/main/AndroidManifest.xml:24:9-85
	android:name
		ADDED from src/main/AndroidManifest.xml:24:19-83
uses-sdk
INJECTED from src/main/AndroidManifest.xml reason: use-sdk injection requested
INJECTED from src/main/AndroidManifest.xml
INJECTED from src/main/AndroidManifest.xml
MERGED from [com.google.dagger:dagger-android-support:2.17] AndroidManifest.xml:20:5-44
MERGED from [com.google.dagger:dagger-android-support:2.17] AndroidManifest.xml:20:5-44
MERGED from [org.jetbrains.anko:anko:0.10.8] AndroidManifest.xml:7:5-9:41
MERGED from [org.jetbrains.anko:anko:0.10.8] AndroidManifest.xml:7:5-9:41
MERGED from [org.jetbrains.anko:anko-appcompat-v7:0.10.8] AndroidManifest.xml:7:5-9:41
MERGED from [org.jetbrains.anko:anko-appcompat-v7:0.10.8] AndroidManifest.xml:7:5-9:41
MERGED from [org.jetbrains.anko:anko-appcompat-v7-coroutines:0.10.8] AndroidManifest.xml:7:5-9:41
MERGED from [org.jetbrains.anko:anko-appcompat-v7-coroutines:0.10.8] AndroidManifest.xml:7:5-9:41
MERGED from [org.jetbrains.anko:anko-appcompat-v7-commons:0.10.8] AndroidManifest.xml:7:5-9:41
MERGED from [org.jetbrains.anko:anko-appcompat-v7-commons:0.10.8] AndroidManifest.xml:7:5-9:41
MERGED from [org.jetbrains.anko:appcompatV7-base:0.10.8] AndroidManifest.xml:7:5-9:41
MERGED from [org.jetbrains.anko:appcompatV7-base:0.10.8] AndroidManifest.xml:7:5-9:41
MERGED from [com.google.android.material:material:1.1.0-alpha02] AndroidManifest.xml:20:5-44
MERGED from [com.google.android.material:material:1.1.0-alpha02] AndroidManifest.xml:20:5-44
MERGED from [androidx.appcompat:appcompat:1.1.0] AndroidManifest.xml:20:5-22:41
MERGED from [androidx.appcompat:appcompat:1.1.0] AndroidManifest.xml:20:5-22:41
MERGED from [androidx.core:core-ktx:1.2.0-alpha01] AndroidManifest.xml:5:5-44
MERGED from [androidx.core:core-ktx:1.2.0-alpha01] AndroidManifest.xml:5:5-44
MERGED from [androidx.constraintlayout:constraintlayout:1.1.3] AndroidManifest.xml:5:5-7:41
MERGED from [androidx.constraintlayout:constraintlayout:1.1.3] AndroidManifest.xml:5:5-7:41
MERGED from [androidx.room:room-rxjava2:2.1.0-alpha03] AndroidManifest.xml:20:5-44
MERGED from [androidx.room:room-rxjava2:2.1.0-alpha03] AndroidManifest.xml:20:5-44
MERGED from [com.jakewharton.rxbinding3:rxbinding:3.0.0-alpha2] AndroidManifest.xml:5:5-44
MERGED from [com.jakewharton.rxbinding3:rxbinding:3.0.0-alpha2] AndroidManifest.xml:5:5-44
MERGED from [com.github.barteksc:android-pdf-viewer:2.8.2] AndroidManifest.xml:7:5-9:41
MERGED from [com.github.barteksc:android-pdf-viewer:2.8.2] AndroidManifest.xml:7:5-9:41
MERGED from [nz.bradcampbell:paperparcel:2.0.6] AndroidManifest.xml:6:5-43
MERGED from [nz.bradcampbell:paperparcel:2.0.6] AndroidManifest.xml:6:5-43
MERGED from [nz.bradcampbell:paperparcel-kotlin:2.0.6] AndroidManifest.xml:6:5-43
MERGED from [nz.bradcampbell:paperparcel-kotlin:2.0.6] AndroidManifest.xml:6:5-43
MERGED from [com.jakewharton.timber:timber:4.7.1] AndroidManifest.xml:5:5-43
MERGED from [com.jakewharton.timber:timber:4.7.1] AndroidManifest.xml:5:5-43
MERGED from [com.google.dagger:dagger-android:2.17] AndroidManifest.xml:20:5-44
MERGED from [com.google.dagger:dagger-android:2.17] AndroidManifest.xml:20:5-44
MERGED from [org.jetbrains.anko:anko-sqlite:0.10.8] AndroidManifest.xml:7:5-9:41
MERGED from [org.jetbrains.anko:anko-sqlite:0.10.8] AndroidManifest.xml:7:5-9:41
MERGED from [org.jetbrains.anko:anko-sdk27:0.10.8] AndroidManifest.xml:7:5-9:41
MERGED from [org.jetbrains.anko:anko-sdk27:0.10.8] AndroidManifest.xml:7:5-9:41
MERGED from [org.jetbrains.anko:anko-sdk27-coroutines:0.10.8] AndroidManifest.xml:7:5-9:41
MERGED from [org.jetbrains.anko:anko-sdk27-coroutines:0.10.8] AndroidManifest.xml:7:5-9:41
MERGED from [org.jetbrains.anko:anko-support-v4:0.10.8] AndroidManifest.xml:7:5-9:41
MERGED from [org.jetbrains.anko:anko-support-v4:0.10.8] AndroidManifest.xml:7:5-9:41
MERGED from [org.jetbrains.anko:anko-support-v4-commons:0.10.8] AndroidManifest.xml:7:5-9:41
MERGED from [org.jetbrains.anko:anko-support-v4-commons:0.10.8] AndroidManifest.xml:7:5-9:41
MERGED from [org.jetbrains.anko:anko-commons:0.10.8] AndroidManifest.xml:7:5-9:41
MERGED from [org.jetbrains.anko:anko-commons:0.10.8] AndroidManifest.xml:7:5-9:41
MERGED from [org.jetbrains.anko:anko-coroutines:0.10.8] AndroidManifest.xml:7:5-9:41
MERGED from [org.jetbrains.anko:anko-coroutines:0.10.8] AndroidManifest.xml:7:5-9:41
MERGED from [org.jetbrains.anko:sqlite-base:0.10.8] AndroidManifest.xml:7:5-9:41
MERGED from [org.jetbrains.anko:sqlite-base:0.10.8] AndroidManifest.xml:7:5-9:41
MERGED from [org.jetbrains.anko:platform-base:0.10.8] AndroidManifest.xml:7:5-9:41
MERGED from [org.jetbrains.anko:platform-base:0.10.8] AndroidManifest.xml:7:5-9:41
MERGED from [org.jetbrains.anko:supportV4-base:0.10.8] AndroidManifest.xml:7:5-9:41
MERGED from [org.jetbrains.anko:supportV4-base:0.10.8] AndroidManifest.xml:7:5-9:41
MERGED from [org.jetbrains.anko:commons-base:0.10.8] AndroidManifest.xml:7:5-9:41
MERGED from [org.jetbrains.anko:commons-base:0.10.8] AndroidManifest.xml:7:5-9:41
MERGED from [androidx.recyclerview:recyclerview:1.0.0] AndroidManifest.xml:20:5-44
MERGED from [androidx.recyclerview:recyclerview:1.0.0] AndroidManifest.xml:20:5-44
MERGED from [com.github.barteksc:pdfium-android:1.7.1] AndroidManifest.xml:7:5-9:41
MERGED from [com.github.barteksc:pdfium-android:1.7.1] AndroidManifest.xml:7:5-9:41
MERGED from [androidx.legacy:legacy-support-v4:1.0.0] AndroidManifest.xml:20:5-44
MERGED from [androidx.legacy:legacy-support-v4:1.0.0] AndroidManifest.xml:20:5-44
MERGED from [androidx.legacy:legacy-support-core-ui:1.0.0] AndroidManifest.xml:20:5-44
MERGED from [androidx.legacy:legacy-support-core-ui:1.0.0] AndroidManifest.xml:20:5-44
MERGED from [androidx.cursoradapter:cursoradapter:1.0.0] AndroidManifest.xml:20:5-44
MERGED from [androidx.cursoradapter:cursoradapter:1.0.0] AndroidManifest.xml:20:5-44
MERGED from [androidx.fragment:fragment:1.1.0] AndroidManifest.xml:20:5-22:41
MERGED from [androidx.fragment:fragment:1.1.0] AndroidManifest.xml:20:5-22:41
MERGED from [androidx.appcompat:appcompat-resources:1.1.0] AndroidManifest.xml:20:5-22:41
MERGED from [androidx.appcompat:appcompat-resources:1.1.0] AndroidManifest.xml:20:5-22:41
MERGED from [androidx.drawerlayout:drawerlayout:1.0.0] AndroidManifest.xml:20:5-44
MERGED from [androidx.drawerlayout:drawerlayout:1.0.0] AndroidManifest.xml:20:5-44
MERGED from [androidx.legacy:legacy-support-core-utils:1.0.0] AndroidManifest.xml:20:5-44
MERGED from [androidx.legacy:legacy-support-core-utils:1.0.0] AndroidManifest.xml:20:5-44
MERGED from [androidx.transition:transition:1.0.0] AndroidManifest.xml:20:5-44
MERGED from [androidx.transition:transition:1.0.0] AndroidManifest.xml:20:5-44
MERGED from [androidx.room:room-runtime:2.1.0-alpha03] AndroidManifest.xml:20:5-44
MERGED from [androidx.room:room-runtime:2.1.0-alpha03] AndroidManifest.xml:20:5-44
MERGED from [androidx.viewpager:viewpager:1.0.0] AndroidManifest.xml:20:5-44
MERGED from [androidx.viewpager:viewpager:1.0.0] AndroidManifest.xml:20:5-44
MERGED from [androidx.loader:loader:1.0.0] AndroidManifest.xml:20:5-44
MERGED from [androidx.loader:loader:1.0.0] AndroidManifest.xml:20:5-44
MERGED from [androidx.activity:activity:1.0.0] AndroidManifest.xml:20:5-22:41
MERGED from [androidx.activity:activity:1.0.0] AndroidManifest.xml:20:5-22:41
MERGED from [androidx.vectordrawable:vectordrawable-animated:1.1.0] AndroidManifest.xml:20:5-22:41
MERGED from [androidx.vectordrawable:vectordrawable-animated:1.1.0] AndroidManifest.xml:20:5-22:41
MERGED from [androidx.vectordrawable:vectordrawable:1.1.0] AndroidManifest.xml:20:5-22:41
MERGED from [androidx.vectordrawable:vectordrawable:1.1.0] AndroidManifest.xml:20:5-22:41
MERGED from [androidx.coordinatorlayout:coordinatorlayout:1.0.0] AndroidManifest.xml:20:5-44
MERGED from [androidx.coordinatorlayout:coordinatorlayout:1.0.0] AndroidManifest.xml:20:5-44
MERGED from [androidx.slidingpanelayout:slidingpanelayout:1.0.0] AndroidManifest.xml:20:5-44
MERGED from [androidx.slidingpanelayout:slidingpanelayout:1.0.0] AndroidManifest.xml:20:5-44
MERGED from [androidx.customview:customview:1.0.0] AndroidManifest.xml:20:5-44
MERGED from [androidx.customview:customview:1.0.0] AndroidManifest.xml:20:5-44
MERGED from [androidx.swiperefreshlayout:swiperefreshlayout:1.0.0] AndroidManifest.xml:20:5-44
MERGED from [androidx.swiperefreshlayout:swiperefreshlayout:1.0.0] AndroidManifest.xml:20:5-44
MERGED from [androidx.asynclayoutinflater:asynclayoutinflater:1.0.0] AndroidManifest.xml:20:5-44
MERGED from [androidx.asynclayoutinflater:asynclayoutinflater:1.0.0] AndroidManifest.xml:20:5-44
MERGED from [androidx.media:media:1.0.0] AndroidManifest.xml:20:5-44
MERGED from [androidx.media:media:1.0.0] AndroidManifest.xml:20:5-44
MERGED from [androidx.core:core:1.2.0-alpha01] AndroidManifest.xml:20:5-44
MERGED from [androidx.core:core:1.2.0-alpha01] AndroidManifest.xml:20:5-44
MERGED from [androidx.cardview:cardview:1.0.0] AndroidManifest.xml:20:5-44
MERGED from [androidx.cardview:cardview:1.0.0] AndroidManifest.xml:20:5-44
MERGED from [androidx.lifecycle:lifecycle-livedata:2.0.0] AndroidManifest.xml:20:5-44
MERGED from [androidx.lifecycle:lifecycle-livedata:2.0.0] AndroidManifest.xml:20:5-44
MERGED from [androidx.lifecycle:lifecycle-livedata-core:2.0.0] AndroidManifest.xml:20:5-44
MERGED from [androidx.lifecycle:lifecycle-livedata-core:2.0.0] AndroidManifest.xml:20:5-44
MERGED from [androidx.arch.core:core-runtime:2.0.0] AndroidManifest.xml:20:5-44
MERGED from [androidx.arch.core:core-runtime:2.0.0] AndroidManifest.xml:20:5-44
MERGED from [androidx.versionedparcelable:versionedparcelable:1.1.0-beta01] AndroidManifest.xml:20:5-44
MERGED from [androidx.versionedparcelable:versionedparcelable:1.1.0-beta01] AndroidManifest.xml:20:5-44
MERGED from [androidx.interpolator:interpolator:1.0.0] AndroidManifest.xml:20:5-44
MERGED from [androidx.interpolator:interpolator:1.0.0] AndroidManifest.xml:20:5-44
MERGED from [androidx.documentfile:documentfile:1.0.0] AndroidManifest.xml:20:5-44
MERGED from [androidx.documentfile:documentfile:1.0.0] AndroidManifest.xml:20:5-44
MERGED from [androidx.localbroadcastmanager:localbroadcastmanager:1.0.0] AndroidManifest.xml:20:5-44
MERGED from [androidx.localbroadcastmanager:localbroadcastmanager:1.0.0] AndroidManifest.xml:20:5-44
MERGED from [androidx.print:print:1.0.0] AndroidManifest.xml:20:5-44
MERGED from [androidx.print:print:1.0.0] AndroidManifest.xml:20:5-44
MERGED from [androidx.sqlite:sqlite-framework:2.0.0] AndroidManifest.xml:20:5-44
MERGED from [androidx.sqlite:sqlite-framework:2.0.0] AndroidManifest.xml:20:5-44
MERGED from [androidx.sqlite:sqlite:2.0.0] AndroidManifest.xml:20:5-44
MERGED from [androidx.sqlite:sqlite:2.0.0] AndroidManifest.xml:20:5-44
MERGED from [androidx.lifecycle:lifecycle-runtime:2.1.0] AndroidManifest.xml:20:5-44
MERGED from [androidx.lifecycle:lifecycle-runtime:2.1.0] AndroidManifest.xml:20:5-44
MERGED from [androidx.lifecycle:lifecycle-viewmodel:2.1.0] AndroidManifest.xml:20:5-44
MERGED from [androidx.lifecycle:lifecycle-viewmodel:2.1.0] AndroidManifest.xml:20:5-44
MERGED from [androidx.savedstate:savedstate:1.0.0] AndroidManifest.xml:20:5-22:41
MERGED from [androidx.savedstate:savedstate:1.0.0] AndroidManifest.xml:20:5-22:41
MERGED from [io.reactivex.rxjava2:rxandroid:2.1.0] AndroidManifest.xml:18:5-43
MERGED from [io.reactivex.rxjava2:rxandroid:2.1.0] AndroidManifest.xml:18:5-43
INJECTED from src/main/AndroidManifest.xml
INJECTED from src/main/AndroidManifest.xml
	android:targetSdkVersion
		INJECTED from src/main/AndroidManifest.xml
		ADDED from src/main/AndroidManifest.xml
		INJECTED from src/main/AndroidManifest.xml
	android:minSdkVersion
		INJECTED from src/main/AndroidManifest.xml
		ADDED from src/main/AndroidManifest.xml
		INJECTED from src/main/AndroidManifest.xml
service#androidx.room.MultiInstanceInvalidationService
ADDED from [androidx.room:room-runtime:2.1.0-alpha03] AndroidManifest.xml:23:9-25:40
	android:exported
		ADDED from [androidx.room:room-runtime:2.1.0-alpha03] AndroidManifest.xml:25:13-37
	android:name
		ADDED from [androidx.room:room-runtime:2.1.0-alpha03] AndroidManifest.xml:24:13-74